<?xml version="1.0" encoding="UTF-8"?>
<!-- Generated by org.testng.reporters.JUnitXMLReporter -->
<testsuite ignored="0" hostname="DESKTOP-8C0LO3K" failures="1" tests="2" name="CreateNewsTest" time="15.814" errors="0" timestamp="2024-03-18T21:29:21 IST">
  <testcase classname="com.obsqura.tests.CreateNewsTest" name="createNews" time="3.365">
    <skipped/>
  </testcase> <!-- createNews -->
  <testcase classname="com.obsqura.tests.CreateNewsTest" name="createNews" time="2.748">
    <failure type="java.lang.AssertionError" message="expected [News Created ] but found [News Created Successfully]">
      <![CDATA[java.lang.AssertionError: expected [News Created ] but found [News Created Successfully]
at com.obsqura.tests.CreateNewsTest.createNews(CreateNewsTest.java:16)
at java.base/java.util.ArrayList.forEach(ArrayList.java:1511)
at java.base/java.util.concurrent.FutureTask.run(FutureTask.java:264)
at java.base/java.util.concurrent.ThreadPoolExecutor.runWorker(ThreadPoolExecutor.java:1136)
at java.base/java.util.concurrent.ThreadPoolExecutor$Worker.run(ThreadPoolExecutor.java:635)
at java.base/java.lang.Thread.run(Thread.java:842)
... Removed 23 stack frames]]>
    </failure>
  </testcase> <!-- createNews -->
</testsuite> <!-- CreateNewsTest -->
