<?xml version="1.0" encoding="UTF-8"?>
<!-- Generated by org.testng.reporters.JUnitXMLReporter -->
<testsuite ignored="0" hostname="DESKTOP-8C0LO3K" failures="0" tests="2" name="CreateDeliveryBoyTest" time="9.431" errors="0" timestamp="2024-03-13T20:19:01 IST">
  <testcase classname="com.obsqura.tests.CreateDeliveryBoyTest" name="createDeliveryBoy" time="2.566"/>
  <testcase classname="com.obsqura.tests.CreateDeliveryBoyTest" name="createDeliveryBoy" time="3.067"/>
</testsuite> <!-- CreateDeliveryBoyTest -->
