<?xml version="1.0" encoding="UTF-8"?>
<!-- Generated by org.testng.reporters.JUnitXMLReporter -->
<testsuite ignored="0" hostname="DESKTOP-8C0LO3K" failures="0" tests="4" name="Test" time="65.445" errors="0" timestamp="2024-03-08T20:48:09 IST">
  <testcase classname="com.obsqura.tests.LoginTest" name="verifyUserIsAbleToLogin" time="3.425"/>
  <testcase classname="com.obsqura.tests.CreateDeleteExpenseTest" name="anotherTest" time="6.165"/>
  <testcase classname="com.obsqura.tests.CreateDeliveryBoyTest" name="createDeliveryBoy" time="6.617"/>
  <testcase classname="com.obsqura.tests.CreateDeliveryBoyTest" name="createDeliveryBoy" time="9.753"/>
</testsuite> <!-- Test -->
