<?xml version="1.0" encoding="UTF-8"?>
<!-- Generated by org.testng.reporters.JUnitXMLReporter -->
<testsuite ignored="1" hostname="DESKTOP-8C0LO3K" failures="0" tests="5" name="Test" time="20.812" errors="0" timestamp="2024-03-12T20:38:26 IST">
  <testcase classname="com.obsqura.tests.LoginTest" name="verifyUserIsAbleToLogin" time="0.804"/>
  <testcase classname="com.obsqura.tests.CreateDeleteExpenseTest" name="anotherTest" time="1.43"/>
  <testcase classname="com.obsqura.tests.CreateDeliveryBoyTest" name="createDeliveryBoy" time="2.276"/>
  <testcase classname="com.obsqura.tests.CreateDeliveryBoyTest" name="createDeliveryBoy" time="2.284"/>
  <testcase classname="com.obsqura.tests.AdminTest" name="createAdmin" time="1.873"/>
  <testcase classname="com.obsqura.tests.CreateNewsTest" name="createNews" time="0.0">
    <ignored/>
  </testcase> <!-- createNews -->
</testsuite> <!-- Test -->
