<?xml version="1.0" encoding="UTF-8"?>
<!-- Generated by org.testng.reporters.JUnitXMLReporter -->
<testsuite ignored="0" hostname="DESKTOP-8C0LO3K" failures="0" tests="2" name="CreateDeliveryBoyTest" time="42.414" errors="0" timestamp="2024-03-20T20:30:06 IST">
  <testcase classname="com.obsqura.tests.CreateDeliveryBoyTest" name="createDeliveryBoy" time="11.555"/>
  <testcase classname="com.obsqura.tests.CreateDeliveryBoyTest" name="createDeliveryBoy" time="8.07"/>
</testsuite> <!-- CreateDeliveryBoyTest -->
