<?xml version="1.0" encoding="UTF-8"?>
<!-- Generated by org.testng.reporters.JUnitXMLReporter -->
<testsuite ignored="0" hostname="DESKTOP-8C0LO3K" failures="0" tests="5" name="Test" time="21.939" errors="0" timestamp="2024-03-13T20:08:02 IST">
  <testcase classname="com.obsqura.tests.LoginTest" name="verifyUserIsAbleToLogin" time="0.623"/>
  <testcase classname="com.obsqura.tests.CreateDeleteExpenseTest" name="anotherTest" time="1.666"/>
  <testcase classname="com.obsqura.tests.CreateDeliveryBoyTest" name="createDeliveryBoy" time="2.594"/>
  <testcase classname="com.obsqura.tests.CreateDeliveryBoyTest" name="createDeliveryBoy" time="3.117"/>
  <testcase classname="com.obsqura.tests.AdminTest" name="createAdmin" time="2.273"/>
</testsuite> <!-- Test -->
