<?xml version="1.0" encoding="UTF-8"?>
<testsuite xmlns:xsi="http://www.w3.org/2001/XMLSchema-instance" xsi:noNamespaceSchemaLocation="https://maven.apache.org/surefire/maven-surefire-plugin/xsd/surefire-test-report-3.0.xsd" version="3.0" name="TestSuite" time="46.636" tests="7" errors="0" skipped="0" failures="0">
  <properties>
[...]
</properties>
  <testcase name="verifyUserIsAbleToLogin" classname="com.obsqura.tests.LoginTest" time="3.839">
    <system-out><![CDATA[chrome
chrome
chrome
Executing in stg
Executing in stg
Executing in stg
chrome
Executing in stg
chrome
Executing in stg
]]></system-out>
    <system-err><![CDATA[SLF4J: Failed to load class "org.slf4j.impl.StaticLoggerBinder".
SLF4J: Defaulting to no-operation (NOP) logger implementation
SLF4J: See http://www.slf4j.org/codes.html#StaticLoggerBinder for further details.
Mar 20, 2024 8:29:35 PM org.openqa.selenium.devtools.CdpVersionFinder findNearestMatch
WARNING: Unable to find an exact match for CDP version 122, returning the closest version; found: 121; Please update to a Selenium version that supports CDP version 122
Mar 20, 2024 8:29:35 PM org.openqa.selenium.devtools.CdpVersionFinder findNearestMatch
WARNING: Unable to find an exact match for CDP version 122, returning the closest version; found: 121; Please update to a Selenium version that supports CDP version 122
Mar 20, 2024 8:29:36 PM org.openqa.selenium.devtools.CdpVersionFinder findNearestMatch
WARNING: Unable to find an exact match for CDP version 122, returning the closest version; found: 121; Please update to a Selenium version that supports CDP version 122
Mar 20, 2024 8:29:36 PM org.openqa.selenium.devtools.CdpVersionFinder findNearestMatch
WARNING: Unable to find an exact match for CDP version 122, returning the closest version; found: 121; Please update to a Selenium version that supports CDP version 122
Mar 20, 2024 8:29:36 PM org.openqa.selenium.devtools.CdpVersionFinder findNearestMatch
WARNING: Unable to find an exact match for CDP version 122, returning the closest version; found: 121; Please update to a Selenium version that supports CDP version 122
ERROR StatusLogger Log4j2 could not find a logging implementation. Please add log4j-core to the classpath. Using SimpleLogger to log to the console...
]]></system-err>
  </testcase>
  <testcase name="createNews" classname="com.obsqura.tests.CreateNewsTest" time="9.645">
    <system-out><![CDATA[Nisyy user89325837 576735281
]]></system-out>
  </testcase>
  <testcase name="createAdmin" classname="com.obsqura.tests.AdminTest" time="10.744">
    <system-out><![CDATA[Expense Category Created Successfully
]]></system-out>
  </testcase>
  <testcase name="verifyUserIsAbleTocreateDeleteExpense" classname="com.obsqura.tests.CreateDeleteExpenseTest" time="10.831"/>
  <testcase name="createDeliveryBoy[Nisyy, user89325837, 576735281](1)" classname="com.obsqura.tests.CreateDeliveryBoyTest" time="10.858"/>
  <testcase name="createDeliveryBoy[Remya, user249327695, 942757931](2)" classname="com.obsqura.tests.CreateDeliveryBoyTest" time="6.401">
    <system-out><![CDATA[chrome
Executing in stg
chrome
Executing in stg
Remya user249327695 942757931
]]></system-out>
    <system-err><![CDATA[Mar 20, 2024 8:29:56 PM org.openqa.selenium.devtools.CdpVersionFinder findNearestMatch
WARNING: Unable to find an exact match for CDP version 122, returning the closest version; found: 121; Please update to a Selenium version that supports CDP version 122
Mar 20, 2024 8:29:58 PM org.openqa.selenium.devtools.CdpVersionFinder findNearestMatch
WARNING: Unable to find an exact match for CDP version 122, returning the closest version; found: 121; Please update to a Selenium version that supports CDP version 122
]]></system-err>
  </testcase>
  <testcase name="verifyUserIsAbleTocreateExpenseRecord" classname="com.obsqura.tests.ExpenseRecordTest" time="9.154"/>
</testsuite>