<?xml version="1.0" encoding="UTF-8"?>
<testng-results ignored="0" total="7" passed="7" failed="0" skipped="0">
  <reporter-output>
  </reporter-output>
  <suite started-at="2024-03-18T19:40:44 IST" name="Suite" finished-at="2024-03-18T19:41:31 IST" duration-ms="46340">
    <groups>
      <group name="Smoke">
        <method signature="CreateNewsTest.createNews()[pri:0, instance:com.obsqura.tests.CreateNewsTest@6e9a5ed8]" name="createNews" class="com.obsqura.tests.CreateNewsTest"/>
      </group> <!-- Smoke -->
    </groups>
    <test started-at="2024-03-18T19:40:44 IST" name="Test" finished-at="2024-03-18T19:41:31 IST" duration-ms="46340">
      <class name="com.obsqura.tests.CreateNewsTest">
        <test-method is-config="true" signature="initDriver(java.lang.String)[pri:0, instance:com.obsqura.tests.CreateNewsTest@6e9a5ed8]" started-at="2024-03-18T19:41:20 IST" name="initDriver" finished-at="2024-03-18T19:41:22 IST" duration-ms="2445" status="PASS">
          <params>
            <param index="0">
              <value is-null="true"/>
            </param>
          </params>
          <reporter-output>
          </reporter-output>
        </test-method> <!-- initDriver -->
        <test-method signature="createNews()[pri:0, instance:com.obsqura.tests.CreateNewsTest@6e9a5ed8]" started-at="2024-03-18T19:41:22 IST" name="createNews" finished-at="2024-03-18T19:41:25 IST" duration-ms="2612" status="PASS">
          <reporter-output>
          </reporter-output>
        </test-method> <!-- createNews -->
        <test-method is-config="true" signature="tearDown()[pri:0, instance:com.obsqura.tests.CreateNewsTest@6e9a5ed8]" started-at="2024-03-18T19:41:25 IST" name="tearDown" finished-at="2024-03-18T19:41:25 IST" duration-ms="149" status="PASS">
          <reporter-output>
          </reporter-output>
        </test-method> <!-- tearDown -->
      </class> <!-- com.obsqura.tests.CreateNewsTest -->
      <class name="com.obsqura.tests.LoginTest">
        <test-method is-config="true" signature="initDriver(java.lang.String)[pri:0, instance:com.obsqura.tests.LoginTest@1750fbeb]" started-at="2024-03-18T19:40:57 IST" name="initDriver" finished-at="2024-03-18T19:40:59 IST" duration-ms="2292" status="PASS">
          <params>
            <param index="0">
              <value is-null="true"/>
            </param>
          </params>
          <reporter-output>
          </reporter-output>
        </test-method> <!-- initDriver -->
        <test-method signature="verifyUserIsAbleToLogin()[pri:0, instance:com.obsqura.tests.LoginTest@1750fbeb]" started-at="2024-03-18T19:40:59 IST" name="verifyUserIsAbleToLogin" finished-at="2024-03-18T19:41:00 IST" duration-ms="892" status="PASS">
          <reporter-output>
          </reporter-output>
        </test-method> <!-- verifyUserIsAbleToLogin -->
        <test-method is-config="true" signature="tearDown()[pri:0, instance:com.obsqura.tests.LoginTest@1750fbeb]" started-at="2024-03-18T19:41:00 IST" name="tearDown" finished-at="2024-03-18T19:41:00 IST" duration-ms="239" status="PASS">
          <reporter-output>
          </reporter-output>
        </test-method> <!-- tearDown -->
      </class> <!-- com.obsqura.tests.LoginTest -->
      <class name="com.obsqura.tests.CreateDeleteExpenseTest">
        <test-method is-config="true" signature="initDriver(java.lang.String)[pri:0, instance:com.obsqura.tests.CreateDeleteExpenseTest@5b247367]" started-at="2024-03-18T19:41:00 IST" name="initDriver" finished-at="2024-03-18T19:41:02 IST" duration-ms="1779" status="PASS">
          <params>
            <param index="0">
              <value is-null="true"/>
            </param>
          </params>
          <reporter-output>
          </reporter-output>
        </test-method> <!-- initDriver -->
        <test-method signature="verifyUserIsAbleTocreateDeleteExpense()[pri:0, instance:com.obsqura.tests.CreateDeleteExpenseTest@5b247367]" started-at="2024-03-18T19:41:02 IST" name="verifyUserIsAbleTocreateDeleteExpense" finished-at="2024-03-18T19:41:07 IST" duration-ms="4857" status="PASS">
          <reporter-output>
          </reporter-output>
        </test-method> <!-- verifyUserIsAbleTocreateDeleteExpense -->
        <test-method is-config="true" signature="tearDown()[pri:0, instance:com.obsqura.tests.CreateDeleteExpenseTest@5b247367]" started-at="2024-03-18T19:41:07 IST" name="tearDown" finished-at="2024-03-18T19:41:07 IST" duration-ms="223" status="PASS">
          <reporter-output>
          </reporter-output>
        </test-method> <!-- tearDown -->
      </class> <!-- com.obsqura.tests.CreateDeleteExpenseTest -->
      <class name="com.obsqura.tests.CreateDeliveryBoyTest">
        <test-method is-config="true" signature="initDriver(java.lang.String)[pri:0, instance:com.obsqura.tests.CreateDeliveryBoyTest@268f106e]" started-at="2024-03-18T19:41:07 IST" name="initDriver" finished-at="2024-03-18T19:41:09 IST" duration-ms="1688" status="PASS">
          <params>
            <param index="0">
              <value is-null="true"/>
            </param>
          </params>
          <reporter-output>
          </reporter-output>
        </test-method> <!-- initDriver -->
        <test-method signature="createDeliveryBoy(java.lang.String,java.lang.String,java.lang.String)[pri:0, instance:com.obsqura.tests.CreateDeliveryBoyTest@268f106e]" started-at="2024-03-18T19:41:09 IST" name="createDeliveryBoy" data-provider="getData" finished-at="2024-03-18T19:41:13 IST" duration-ms="4403" status="PASS">
          <params>
            <param index="0">
              <value>
                <![CDATA[Nisyy]]>
              </value>
            </param>
            <param index="1">
              <value>
                <![CDATA[user111107372]]>
              </value>
            </param>
            <param index="2">
              <value>
                <![CDATA[522491681]]>
              </value>
            </param>
          </params>
          <reporter-output>
          </reporter-output>
        </test-method> <!-- createDeliveryBoy -->
        <test-method is-config="true" signature="tearDown()[pri:0, instance:com.obsqura.tests.CreateDeliveryBoyTest@268f106e]" started-at="2024-03-18T19:41:13 IST" name="tearDown" finished-at="2024-03-18T19:41:14 IST" duration-ms="259" status="PASS">
          <reporter-output>
          </reporter-output>
        </test-method> <!-- tearDown -->
        <test-method is-config="true" signature="initDriver(java.lang.String)[pri:0, instance:com.obsqura.tests.CreateDeliveryBoyTest@268f106e]" started-at="2024-03-18T19:41:14 IST" name="initDriver" finished-at="2024-03-18T19:41:16 IST" duration-ms="2249" status="PASS">
          <params>
            <param index="0">
              <value is-null="true"/>
            </param>
          </params>
          <reporter-output>
          </reporter-output>
        </test-method> <!-- initDriver -->
        <test-method signature="createDeliveryBoy(java.lang.String,java.lang.String,java.lang.String)[pri:0, instance:com.obsqura.tests.CreateDeliveryBoyTest@268f106e]" started-at="2024-03-18T19:41:16 IST" name="createDeliveryBoy" data-provider="getData" finished-at="2024-03-18T19:41:20 IST" duration-ms="3647" status="PASS">
          <params>
            <param index="0">
              <value>
                <![CDATA[Remya]]>
              </value>
            </param>
            <param index="1">
              <value>
                <![CDATA[user445605270]]>
              </value>
            </param>
            <param index="2">
              <value>
                <![CDATA[998132972]]>
              </value>
            </param>
          </params>
          <reporter-output>
          </reporter-output>
        </test-method> <!-- createDeliveryBoy -->
        <test-method is-config="true" signature="tearDown()[pri:0, instance:com.obsqura.tests.CreateDeliveryBoyTest@268f106e]" started-at="2024-03-18T19:41:20 IST" name="tearDown" finished-at="2024-03-18T19:41:20 IST" duration-ms="168" status="PASS">
          <reporter-output>
          </reporter-output>
        </test-method> <!-- tearDown -->
      </class> <!-- com.obsqura.tests.CreateDeliveryBoyTest -->
      <class name="com.obsqura.tests.ExpenseRecordTest">
        <test-method is-config="true" signature="initDriver(java.lang.String)[pri:0, instance:com.obsqura.tests.ExpenseRecordTest@196a42c3]" started-at="2024-03-18T19:40:44 IST" name="initDriver" finished-at="2024-03-18T19:40:50 IST" duration-ms="5236" status="PASS">
          <params>
            <param index="0">
              <value is-null="true"/>
            </param>
          </params>
          <reporter-output>
          </reporter-output>
        </test-method> <!-- initDriver -->
        <test-method signature="verifyUserIsAbleTocreateExpenseRecord()[pri:0, instance:com.obsqura.tests.ExpenseRecordTest@196a42c3]" started-at="2024-03-18T19:40:50 IST" name="verifyUserIsAbleTocreateExpenseRecord" description="OBS123" finished-at="2024-03-18T19:40:57 IST" duration-ms="6994" status="PASS">
          <reporter-output>
          </reporter-output>
        </test-method> <!-- verifyUserIsAbleTocreateExpenseRecord -->
        <test-method is-config="true" signature="tearDown()[pri:0, instance:com.obsqura.tests.ExpenseRecordTest@196a42c3]" started-at="2024-03-18T19:40:57 IST" name="tearDown" finished-at="2024-03-18T19:40:57 IST" duration-ms="295" status="PASS">
          <reporter-output>
          </reporter-output>
        </test-method> <!-- tearDown -->
      </class> <!-- com.obsqura.tests.ExpenseRecordTest -->
      <class name="com.obsqura.tests.AdminTest">
        <test-method is-config="true" signature="initDriver(java.lang.String)[pri:0, instance:com.obsqura.tests.AdminTest@7e057f43]" started-at="2024-03-18T19:41:25 IST" name="initDriver" finished-at="2024-03-18T19:41:27 IST" duration-ms="1773" status="PASS">
          <params>
            <param index="0">
              <value is-null="true"/>
            </param>
          </params>
          <reporter-output>
          </reporter-output>
        </test-method> <!-- initDriver -->
        <test-method signature="createAdmin()[pri:0, instance:com.obsqura.tests.AdminTest@7e057f43]" started-at="2024-03-18T19:41:27 IST" name="createAdmin" finished-at="2024-03-18T19:41:30 IST" duration-ms="3766" status="PASS">
          <reporter-output>
          </reporter-output>
        </test-method> <!-- createAdmin -->
        <test-method is-config="true" signature="tearDown()[pri:0, instance:com.obsqura.tests.AdminTest@7e057f43]" started-at="2024-03-18T19:41:30 IST" name="tearDown" finished-at="2024-03-18T19:41:31 IST" duration-ms="269" status="PASS">
          <reporter-output>
          </reporter-output>
        </test-method> <!-- tearDown -->
      </class> <!-- com.obsqura.tests.AdminTest -->
    </test> <!-- Test -->
  </suite> <!-- Suite -->
</testng-results>
