<?xml version="1.0" encoding="UTF-8"?>
<testng-results ignored="0" total="1" passed="1" failed="0" skipped="0">
  <reporter-output>
  </reporter-output>
  <suite started-at="2024-03-06T20:21:57 IST" name="Default suite" finished-at="2024-03-06T20:22:16 IST" duration-ms="18990">
    <groups>
    </groups>
    <test started-at="2024-03-06T20:21:57 IST" name="Default test" finished-at="2024-03-06T20:22:16 IST" duration-ms="18990">
      <class name="com.obsqura.tests.CreateDeleteExpenseTest">
        <test-method is-config="true" signature="initDriver()[pri:0, instance:com.obsqura.tests.CreateDeleteExpenseTest@515aebb0]" started-at="2024-03-06T20:21:57 IST" name="initDriver" finished-at="2024-03-06T20:21:59 IST" duration-ms="2121" status="PASS">
          <reporter-output>
          </reporter-output>
        </test-method> <!-- initDriver -->
        <test-method signature="anotherTest()[pri:0, instance:com.obsqura.tests.CreateDeleteExpenseTest@515aebb0]" started-at="2024-03-06T20:21:59 IST" name="anotherTest" finished-at="2024-03-06T20:22:16 IST" duration-ms="16624" status="PASS">
          <reporter-output>
          </reporter-output>
        </test-method> <!-- anotherTest -->
        <test-method is-config="true" signature="tearDown()[pri:0, instance:com.obsqura.tests.CreateDeleteExpenseTest@515aebb0]" started-at="2024-03-06T20:22:16 IST" name="tearDown" finished-at="2024-03-06T20:22:16 IST" duration-ms="199" status="PASS">
          <reporter-output>
          </reporter-output>
        </test-method> <!-- tearDown -->
      </class> <!-- com.obsqura.tests.CreateDeleteExpenseTest -->
    </test> <!-- Default test -->
  </suite> <!-- Default suite -->
</testng-results>
