<?xml version="1.0" encoding="UTF-8"?>
<testng-results ignored="0" total="6" passed="5" failed="0" skipped="1">
  <reporter-output>
  </reporter-output>
  <suite started-at="2024-03-13T20:18:44 IST" name="Suite" finished-at="2024-03-13T20:19:06 IST" duration-ms="21391">
    <groups>
      <group name="Smoke">
        <method signature="CreateNewsTest.createNews()[pri:0, instance:com.obsqura.tests.CreateNewsTest@5b12b668]" name="createNews" class="com.obsqura.tests.CreateNewsTest"/>
      </group> <!-- Smoke -->
    </groups>
    <test started-at="2024-03-13T20:18:44 IST" name="Login Test" finished-at="2024-03-13T20:18:48 IST" duration-ms="3163">
      <class name="com.obsqura.tests.LoginTest">
        <test-method is-config="true" signature="initDriver(java.lang.String)[pri:0, instance:com.obsqura.tests.LoginTest@436813f3]" started-at="2024-03-13T20:18:44 IST" name="initDriver" finished-at="2024-03-13T20:18:47 IST" duration-ms="2467" status="PASS">
          <params>
            <param index="0">
              <value>
                <![CDATA[Chrome]]>
              </value>
            </param>
          </params>
          <reporter-output>
          </reporter-output>
        </test-method> <!-- initDriver -->
        <test-method signature="verifyUserIsAbleToLogin()[pri:0, instance:com.obsqura.tests.LoginTest@436813f3]" started-at="2024-03-13T20:18:47 IST" name="verifyUserIsAbleToLogin" finished-at="2024-03-13T20:18:47 IST" duration-ms="496" status="PASS">
          <reporter-output>
          </reporter-output>
        </test-method> <!-- verifyUserIsAbleToLogin -->
        <test-method is-config="true" signature="tearDown()[pri:0, instance:com.obsqura.tests.LoginTest@436813f3]" started-at="2024-03-13T20:18:47 IST" name="tearDown" finished-at="2024-03-13T20:18:48 IST" duration-ms="143" status="PASS">
          <reporter-output>
          </reporter-output>
        </test-method> <!-- tearDown -->
      </class> <!-- com.obsqura.tests.LoginTest -->
    </test> <!-- Login Test -->
    <test started-at="2024-03-13T20:18:48 IST" name="CreateDeleteExpenseTest" finished-at="2024-03-13T20:18:51 IST" duration-ms="3837">
      <class name="com.obsqura.tests.CreateDeleteExpenseTest">
        <test-method is-config="true" signature="initDriver(java.lang.String)[pri:0, instance:com.obsqura.tests.CreateDeleteExpenseTest@28701274]" started-at="2024-03-13T20:18:48 IST" name="initDriver" finished-at="2024-03-13T20:18:50 IST" duration-ms="1928" status="PASS">
          <params>
            <param index="0">
              <value>
                <![CDATA[Edge]]>
              </value>
            </param>
          </params>
          <reporter-output>
          </reporter-output>
        </test-method> <!-- initDriver -->
        <test-method signature="anotherTest()[pri:0, instance:com.obsqura.tests.CreateDeleteExpenseTest@28701274]" started-at="2024-03-13T20:18:50 IST" name="anotherTest" finished-at="2024-03-13T20:18:51 IST" duration-ms="1703" status="PASS">
          <reporter-output>
          </reporter-output>
        </test-method> <!-- anotherTest -->
        <test-method is-config="true" signature="tearDown()[pri:0, instance:com.obsqura.tests.CreateDeleteExpenseTest@28701274]" started-at="2024-03-13T20:18:51 IST" name="tearDown" finished-at="2024-03-13T20:18:51 IST" duration-ms="202" status="PASS">
          <reporter-output>
          </reporter-output>
        </test-method> <!-- tearDown -->
      </class> <!-- com.obsqura.tests.CreateDeleteExpenseTest -->
    </test> <!-- CreateDeleteExpenseTest -->
    <test started-at="2024-03-13T20:18:51 IST" name="CreateDeliveryBoyTest" finished-at="2024-03-13T20:19:01 IST" duration-ms="9431">
      <class name="com.obsqura.tests.CreateDeliveryBoyTest">
        <test-method is-config="true" signature="initDriver(java.lang.String)[pri:0, instance:com.obsqura.tests.CreateDeliveryBoyTest@6a6cb05c]" started-at="2024-03-13T20:18:51 IST" name="initDriver" finished-at="2024-03-13T20:18:54 IST" duration-ms="2199" status="PASS">
          <params>
            <param index="0">
              <value>
                <![CDATA[Chrome]]>
              </value>
            </param>
          </params>
          <reporter-output>
          </reporter-output>
        </test-method> <!-- initDriver -->
        <test-method signature="createDeliveryBoy(java.lang.String,java.lang.String,java.lang.String)[pri:0, instance:com.obsqura.tests.CreateDeliveryBoyTest@6a6cb05c]" started-at="2024-03-13T20:18:54 IST" name="createDeliveryBoy" data-provider="getData" finished-at="2024-03-13T20:18:56 IST" duration-ms="2566" status="PASS">
          <params>
            <param index="0">
              <value>
                <![CDATA[Nisyy]]>
              </value>
            </param>
            <param index="1">
              <value>
                <![CDATA[user917893966]]>
              </value>
            </param>
            <param index="2">
              <value>
                <![CDATA[880032870]]>
              </value>
            </param>
          </params>
          <reporter-output>
          </reporter-output>
        </test-method> <!-- createDeliveryBoy -->
        <test-method is-config="true" signature="tearDown()[pri:0, instance:com.obsqura.tests.CreateDeliveryBoyTest@6a6cb05c]" started-at="2024-03-13T20:18:56 IST" name="tearDown" finished-at="2024-03-13T20:18:56 IST" duration-ms="144" status="PASS">
          <reporter-output>
          </reporter-output>
        </test-method> <!-- tearDown -->
        <test-method is-config="true" signature="initDriver(java.lang.String)[pri:0, instance:com.obsqura.tests.CreateDeliveryBoyTest@6a6cb05c]" started-at="2024-03-13T20:18:56 IST" name="initDriver" finished-at="2024-03-13T20:18:58 IST" duration-ms="1296" status="PASS">
          <params>
            <param index="0">
              <value>
                <![CDATA[Chrome]]>
              </value>
            </param>
          </params>
          <reporter-output>
          </reporter-output>
        </test-method> <!-- initDriver -->
        <test-method signature="createDeliveryBoy(java.lang.String,java.lang.String,java.lang.String)[pri:0, instance:com.obsqura.tests.CreateDeliveryBoyTest@6a6cb05c]" started-at="2024-03-13T20:18:58 IST" name="createDeliveryBoy" data-provider="getData" finished-at="2024-03-13T20:19:01 IST" duration-ms="3067" status="PASS">
          <params>
            <param index="0">
              <value>
                <![CDATA[Remya]]>
              </value>
            </param>
            <param index="1">
              <value>
                <![CDATA[user17237091]]>
              </value>
            </param>
            <param index="2">
              <value>
                <![CDATA[41725033]]>
              </value>
            </param>
          </params>
          <reporter-output>
          </reporter-output>
        </test-method> <!-- createDeliveryBoy -->
        <test-method is-config="true" signature="tearDown()[pri:0, instance:com.obsqura.tests.CreateDeliveryBoyTest@6a6cb05c]" started-at="2024-03-13T20:19:01 IST" name="tearDown" finished-at="2024-03-13T20:19:01 IST" duration-ms="144" status="PASS">
          <reporter-output>
          </reporter-output>
        </test-method> <!-- tearDown -->
      </class> <!-- com.obsqura.tests.CreateDeliveryBoyTest -->
    </test> <!-- CreateDeliveryBoyTest -->
    <test started-at="2024-03-13T20:19:01 IST" name="CreateNewsTest" finished-at="2024-03-13T20:19:01 IST" duration-ms="22">
      <class name="com.obsqura.tests.CreateNewsTest">
        <test-method is-config="true" signature="initDriver(java.lang.String)[pri:0, instance:com.obsqura.tests.CreateNewsTest@5b12b668]" started-at="2024-03-13T20:19:01 IST" name="initDriver" finished-at="2024-03-13T20:19:01 IST" duration-ms="2" status="FAIL">
          <params>
            <param index="0">
              <value is-null="true"/>
            </param>
          </params>
          <exception class="java.lang.NullPointerException">
            <message>
              <![CDATA[Cannot invoke "String.isEmpty()" because "browserName" is null]]>
            </message>
            <full-stacktrace>
              <![CDATA[java.lang.NullPointerException: Cannot invoke "String.isEmpty()" because "browserName" is null
at com.obsqura.tests.BaseTest.initDriver(BaseTest.java:33)
at java.base/jdk.internal.reflect.NativeMethodAccessorImpl.invoke0(Native Method)
at java.base/jdk.internal.reflect.NativeMethodAccessorImpl.invoke(NativeMethodAccessorImpl.java:77)
at java.base/jdk.internal.reflect.DelegatingMethodAccessorImpl.invoke(DelegatingMethodAccessorImpl.java:43)
at java.base/java.lang.reflect.Method.invoke(Method.java:568)
at org.testng.internal.invokers.MethodInvocationHelper.invokeMethod(MethodInvocationHelper.java:139)
at org.testng.internal.invokers.MethodInvocationHelper.invokeMethodConsideringTimeout(MethodInvocationHelper.java:69)
at org.testng.internal.invokers.ConfigInvoker.invokeConfigurationMethod(ConfigInvoker.java:361)
at org.testng.internal.invokers.ConfigInvoker.invokeConfigurations(ConfigInvoker.java:296)
at org.testng.internal.invokers.TestInvoker.runConfigMethods(TestInvoker.java:823)
at org.testng.internal.invokers.TestInvoker.invokeMethod(TestInvoker.java:590)
at org.testng.internal.invokers.TestInvoker.invokeTestMethod(TestInvoker.java:221)
at org.testng.internal.invokers.MethodRunner.runInSequence(MethodRunner.java:50)
at org.testng.internal.invokers.TestInvoker$MethodInvocationAgent.invoke(TestInvoker.java:969)
at org.testng.internal.invokers.TestInvoker.invokeTestMethods(TestInvoker.java:194)
at org.testng.internal.invokers.TestMethodWorker.invokeTestMethods(TestMethodWorker.java:148)
at org.testng.internal.invokers.TestMethodWorker.run(TestMethodWorker.java:128)
at java.base/java.util.ArrayList.forEach(ArrayList.java:1511)
at org.testng.TestRunner.privateRun(TestRunner.java:829)
at org.testng.TestRunner.run(TestRunner.java:602)
at org.testng.SuiteRunner.runTest(SuiteRunner.java:437)
at org.testng.SuiteRunner.runSequentially(SuiteRunner.java:431)
at org.testng.SuiteRunner.privateRun(SuiteRunner.java:391)
at org.testng.SuiteRunner.run(SuiteRunner.java:330)
at org.testng.SuiteRunnerWorker.runSuite(SuiteRunnerWorker.java:52)
at org.testng.SuiteRunnerWorker.run(SuiteRunnerWorker.java:95)
at org.testng.TestNG.runSuitesSequentially(TestNG.java:1256)
at org.testng.TestNG.runSuitesLocally(TestNG.java:1176)
at org.testng.TestNG.runSuites(TestNG.java:1099)
at org.testng.TestNG.run(TestNG.java:1067)
at org.testng.remote.AbstractRemoteTestNG.run(AbstractRemoteTestNG.java:115)
at org.testng.remote.RemoteTestNG.initAndRun(RemoteTestNG.java:251)
at org.testng.remote.RemoteTestNG.main(RemoteTestNG.java:77)
]]>
            </full-stacktrace>
          </exception> <!-- java.lang.NullPointerException -->
          <reporter-output>
          </reporter-output>
        </test-method> <!-- initDriver -->
        <test-method signature="createNews()[pri:0, instance:com.obsqura.tests.CreateNewsTest@5b12b668]" started-at="2024-03-13T20:19:01 IST" name="createNews" finished-at="2024-03-13T20:19:01 IST" duration-ms="0" status="SKIP">
          <exception class="java.lang.NullPointerException">
            <message>
              <![CDATA[Cannot invoke "String.isEmpty()" because "browserName" is null]]>
            </message>
            <full-stacktrace>
              <![CDATA[java.lang.NullPointerException: Cannot invoke "String.isEmpty()" because "browserName" is null
at com.obsqura.tests.BaseTest.initDriver(BaseTest.java:33)
at java.base/jdk.internal.reflect.NativeMethodAccessorImpl.invoke0(Native Method)
at java.base/jdk.internal.reflect.NativeMethodAccessorImpl.invoke(NativeMethodAccessorImpl.java:77)
at java.base/jdk.internal.reflect.DelegatingMethodAccessorImpl.invoke(DelegatingMethodAccessorImpl.java:43)
at java.base/java.lang.reflect.Method.invoke(Method.java:568)
at org.testng.internal.invokers.MethodInvocationHelper.invokeMethod(MethodInvocationHelper.java:139)
at org.testng.internal.invokers.MethodInvocationHelper.invokeMethodConsideringTimeout(MethodInvocationHelper.java:69)
at org.testng.internal.invokers.ConfigInvoker.invokeConfigurationMethod(ConfigInvoker.java:361)
at org.testng.internal.invokers.ConfigInvoker.invokeConfigurations(ConfigInvoker.java:296)
at org.testng.internal.invokers.TestInvoker.runConfigMethods(TestInvoker.java:823)
at org.testng.internal.invokers.TestInvoker.invokeMethod(TestInvoker.java:590)
at org.testng.internal.invokers.TestInvoker.invokeTestMethod(TestInvoker.java:221)
at org.testng.internal.invokers.MethodRunner.runInSequence(MethodRunner.java:50)
at org.testng.internal.invokers.TestInvoker$MethodInvocationAgent.invoke(TestInvoker.java:969)
at org.testng.internal.invokers.TestInvoker.invokeTestMethods(TestInvoker.java:194)
at org.testng.internal.invokers.TestMethodWorker.invokeTestMethods(TestMethodWorker.java:148)
at org.testng.internal.invokers.TestMethodWorker.run(TestMethodWorker.java:128)
at java.base/java.util.ArrayList.forEach(ArrayList.java:1511)
at org.testng.TestRunner.privateRun(TestRunner.java:829)
at org.testng.TestRunner.run(TestRunner.java:602)
at org.testng.SuiteRunner.runTest(SuiteRunner.java:437)
at org.testng.SuiteRunner.runSequentially(SuiteRunner.java:431)
at org.testng.SuiteRunner.privateRun(SuiteRunner.java:391)
at org.testng.SuiteRunner.run(SuiteRunner.java:330)
at org.testng.SuiteRunnerWorker.runSuite(SuiteRunnerWorker.java:52)
at org.testng.SuiteRunnerWorker.run(SuiteRunnerWorker.java:95)
at org.testng.TestNG.runSuitesSequentially(TestNG.java:1256)
at org.testng.TestNG.runSuitesLocally(TestNG.java:1176)
at org.testng.TestNG.runSuites(TestNG.java:1099)
at org.testng.TestNG.run(TestNG.java:1067)
at org.testng.remote.AbstractRemoteTestNG.run(AbstractRemoteTestNG.java:115)
at org.testng.remote.RemoteTestNG.initAndRun(RemoteTestNG.java:251)
at org.testng.remote.RemoteTestNG.main(RemoteTestNG.java:77)
]]>
            </full-stacktrace>
          </exception> <!-- java.lang.NullPointerException -->
          <reporter-output>
          </reporter-output>
        </test-method> <!-- createNews -->
        <test-method is-config="true" signature="tearDown()[pri:0, instance:com.obsqura.tests.CreateNewsTest@5b12b668]" started-at="2024-03-13T20:19:01 IST" name="tearDown" finished-at="2024-03-13T20:19:01 IST" duration-ms="1" status="FAIL">
          <exception class="java.lang.NullPointerException">
            <message>
              <![CDATA[Cannot invoke "org.openqa.selenium.WebDriver.quit()" because "this.driver" is null]]>
            </message>
            <full-stacktrace>
              <![CDATA[java.lang.NullPointerException: Cannot invoke "org.openqa.selenium.WebDriver.quit()" because "this.driver" is null
at com.obsqura.tests.BaseTest.tearDown(BaseTest.java:79)
at java.base/jdk.internal.reflect.NativeMethodAccessorImpl.invoke0(Native Method)
at java.base/jdk.internal.reflect.NativeMethodAccessorImpl.invoke(NativeMethodAccessorImpl.java:77)
at java.base/jdk.internal.reflect.DelegatingMethodAccessorImpl.invoke(DelegatingMethodAccessorImpl.java:43)
at java.base/java.lang.reflect.Method.invoke(Method.java:568)
at org.testng.internal.invokers.MethodInvocationHelper.invokeMethod(MethodInvocationHelper.java:139)
at org.testng.internal.invokers.MethodInvocationHelper.invokeMethodConsideringTimeout(MethodInvocationHelper.java:69)
at org.testng.internal.invokers.ConfigInvoker.invokeConfigurationMethod(ConfigInvoker.java:361)
at org.testng.internal.invokers.ConfigInvoker.invokeConfigurations(ConfigInvoker.java:296)
at org.testng.internal.invokers.TestInvoker.runConfigMethods(TestInvoker.java:823)
at org.testng.internal.invokers.TestInvoker.runAfterConfigurations(TestInvoker.java:792)
at org.testng.internal.invokers.TestInvoker.invokeMethod(TestInvoker.java:613)
at org.testng.internal.invokers.TestInvoker.invokeTestMethod(TestInvoker.java:221)
at org.testng.internal.invokers.MethodRunner.runInSequence(MethodRunner.java:50)
at org.testng.internal.invokers.TestInvoker$MethodInvocationAgent.invoke(TestInvoker.java:969)
at org.testng.internal.invokers.TestInvoker.invokeTestMethods(TestInvoker.java:194)
at org.testng.internal.invokers.TestMethodWorker.invokeTestMethods(TestMethodWorker.java:148)
at org.testng.internal.invokers.TestMethodWorker.run(TestMethodWorker.java:128)
at java.base/java.util.ArrayList.forEach(ArrayList.java:1511)
at org.testng.TestRunner.privateRun(TestRunner.java:829)
at org.testng.TestRunner.run(TestRunner.java:602)
at org.testng.SuiteRunner.runTest(SuiteRunner.java:437)
at org.testng.SuiteRunner.runSequentially(SuiteRunner.java:431)
at org.testng.SuiteRunner.privateRun(SuiteRunner.java:391)
at org.testng.SuiteRunner.run(SuiteRunner.java:330)
at org.testng.SuiteRunnerWorker.runSuite(SuiteRunnerWorker.java:52)
at org.testng.SuiteRunnerWorker.run(SuiteRunnerWorker.java:95)
at org.testng.TestNG.runSuitesSequentially(TestNG.java:1256)
at org.testng.TestNG.runSuitesLocally(TestNG.java:1176)
at org.testng.TestNG.runSuites(TestNG.java:1099)
at org.testng.TestNG.run(TestNG.java:1067)
at org.testng.remote.AbstractRemoteTestNG.run(AbstractRemoteTestNG.java:115)
at org.testng.remote.RemoteTestNG.initAndRun(RemoteTestNG.java:251)
at org.testng.remote.RemoteTestNG.main(RemoteTestNG.java:77)
]]>
            </full-stacktrace>
          </exception> <!-- java.lang.NullPointerException -->
          <reporter-output>
          </reporter-output>
        </test-method> <!-- tearDown -->
      </class> <!-- com.obsqura.tests.CreateNewsTest -->
    </test> <!-- CreateNewsTest -->
    <test started-at="2024-03-13T20:19:01 IST" name="AdminTest" finished-at="2024-03-13T20:19:06 IST" duration-ms="4877">
      <class name="com.obsqura.tests.AdminTest">
        <test-method is-config="true" signature="initDriver(java.lang.String)[pri:0, instance:com.obsqura.tests.AdminTest@1573f9fc]" started-at="2024-03-13T20:19:01 IST" name="initDriver" finished-at="2024-03-13T20:19:03 IST" duration-ms="1867" status="PASS">
          <params>
            <param index="0">
              <value>
                <![CDATA[Chrome]]>
              </value>
            </param>
          </params>
          <reporter-output>
          </reporter-output>
        </test-method> <!-- initDriver -->
        <test-method signature="createAdmin()[pri:0, instance:com.obsqura.tests.AdminTest@1573f9fc]" started-at="2024-03-13T20:19:03 IST" name="createAdmin" finished-at="2024-03-13T20:19:06 IST" duration-ms="2835" status="PASS">
          <reporter-output>
          </reporter-output>
        </test-method> <!-- createAdmin -->
        <test-method is-config="true" signature="tearDown()[pri:0, instance:com.obsqura.tests.AdminTest@1573f9fc]" started-at="2024-03-13T20:19:06 IST" name="tearDown" finished-at="2024-03-13T20:19:06 IST" duration-ms="172" status="PASS">
          <reporter-output>
          </reporter-output>
        </test-method> <!-- tearDown -->
      </class> <!-- com.obsqura.tests.AdminTest -->
    </test> <!-- AdminTest -->
  </suite> <!-- Suite -->
</testng-results>
